GUIPrototype/app/build/intermediates/manifest_merge_blame_file/debug/manifest-merger-blame-debug-report.txt
1<?xml version="1.0" encoding="utf-8"?>
2<manifest xmlns:android="http://schemas.android.com/apk/res/android"
3    package="com.example.guiprototype"
4    android:versionCode="1"
5    android:versionName="1.0" >
6
7    <uses-sdk
8        android:minSdkVersion="15"
8-->src\main\AndroidManifest.xml
9        android:targetSdkVersion="29" />
9-->src\main\AndroidManifest.xml
10
11    <application
11-->src\main\AndroidManifest.xml:5:5-117:19
12        android:allowBackup="true"
12-->src\main\AndroidManifest.xml:6:9-35
13        android:appComponentFactory="androidx.core.app.CoreComponentFactory"
13-->[androidx.core:core:1.0.1] AndroidManifest.xml:22:18-86
14        android:debuggable="true"
15        android:icon="@mipmap/ic_launcher"
15-->src\main\AndroidManifest.xml:7:9-43
16        android:label="@string/app_name"
16-->src\main\AndroidManifest.xml:8:9-41
17        android:roundIcon="@mipmap/ic_launcher_round"
17-->src\main\AndroidManifest.xml:9:9-54
18        android:supportsRtl="true"
18-->src\main\AndroidManifest.xml:10:9-35
19        android:testOnly="true"
20        android:theme="@style/AppTheme" >
20-->src\main\AndroidManifest.xml:11:9-40
21        <activity
21-->src\main\AndroidManifest.xml:12:9-21:20
22            android:name="com.example.guiprototype.AddSetActivityDL"
22-->src\main\AndroidManifest.xml:13:13-45
23            android:label="Add Deadlift Sets"
23-->src\main\AndroidManifest.xml:14:13-46
24            android:parentActivityName="com.example.guiprototype.DeadliftActivity" >
24-->src\main\AndroidManifest.xml:15:13-59
25
26            <!-- The meta-data tag is required if you support API level 15 and lower -->
27            <meta-data
27-->src\main\AndroidManifest.xml:18:13-20:53
28                android:name="android.support.PARENT_ACTIVITY"
28-->src\main\AndroidManifest.xml:19:17-63
29                android:value=".DeadliftActivity" />
29-->src\main\AndroidManifest.xml:20:17-50
30        </activity>
31        <activity
31-->src\main\AndroidManifest.xml:22:9-31:20
32            android:name="com.example.guiprototype.DeadliftActivity"
32-->src\main\AndroidManifest.xml:23:13-45
33            android:label="Deadlifts"
33-->src\main\AndroidManifest.xml:24:13-38
34            android:parentActivityName="com.example.guiprototype.TrainingActivity" >
34-->src\main\AndroidManifest.xml:25:13-59
35
36            <!-- The meta-data tag is required if you support API level 15 and lower -->
37            <meta-data
37-->src\main\AndroidManifest.xml:18:13-20:53
38                android:name="android.support.PARENT_ACTIVITY"
38-->src\main\AndroidManifest.xml:19:17-63
39                android:value=".TrainingActivity" />
39-->src\main\AndroidManifest.xml:20:17-50
40        </activity>
41        <activity
41-->src\main\AndroidManifest.xml:32:9-41:20
42            android:name="com.example.guiprototype.AddSetActivitySquats"
42-->src\main\AndroidManifest.xml:33:13-49
43            android:label="Add Squat Sets"
43-->src\main\AndroidManifest.xml:34:13-43
44            android:parentActivityName="com.example.guiprototype.SquatsActivity" >
44-->src\main\AndroidManifest.xml:35:13-57
45
46            <!-- The meta-data tag is required if you support API level 15 and lower -->
47            <meta-data
47-->src\main\AndroidManifest.xml:18:13-20:53
48                android:name="android.support.PARENT_ACTIVITY"
48-->src\main\AndroidManifest.xml:19:17-63
49                android:value=".SquatsActivity" />
49-->src\main\AndroidManifest.xml:20:17-50
50        </activity>
51        <activity
51-->src\main\AndroidManifest.xml:42:9-51:20
52            android:name="com.example.guiprototype.SquatsActivity"
52-->src\main\AndroidManifest.xml:43:13-43
53            android:label="Squats"
53-->src\main\AndroidManifest.xml:44:13-35
54            android:parentActivityName="com.example.guiprototype.TrainingActivity" >
54-->src\main\AndroidManifest.xml:45:13-59
55
56            <!-- The meta-data tag is required if you support API level 15 and lower -->
57            <meta-data
57-->src\main\AndroidManifest.xml:18:13-20:53
58                android:name="android.support.PARENT_ACTIVITY"
58-->src\main\AndroidManifest.xml:19:17-63
59                android:value=".TrainingActivity" />
59-->src\main\AndroidManifest.xml:20:17-50
60        </activity>
61        <activity
61-->src\main\AndroidManifest.xml:52:9-61:20
62            android:name="com.example.guiprototype.AddSetActivityBP"
62-->src\main\AndroidManifest.xml:53:13-45
63            android:label="Add Bench Press Sets"
63-->src\main\AndroidManifest.xml:54:13-49
64            android:parentActivityName="com.example.guiprototype.BenchPressActivity" >
64-->src\main\AndroidManifest.xml:55:13-61
65
66            <!-- The meta-data tag is required if you support API level 15 and lower -->
67            <meta-data
67-->src\main\AndroidManifest.xml:18:13-20:53
68                android:name="android.support.PARENT_ACTIVITY"
68-->src\main\AndroidManifest.xml:19:17-63
69                android:value=".BenchPressActivity" />
69-->src\main\AndroidManifest.xml:20:17-50
70        </activity>
71        <activity
71-->src\main\AndroidManifest.xml:62:9-71:20
72            android:name="com.example.guiprototype.BenchPressActivity"
72-->src\main\AndroidManifest.xml:63:13-47
73            android:label="Bench Press"
73-->src\main\AndroidManifest.xml:64:13-40
74            android:parentActivityName="com.example.guiprototype.TrainingActivity" >
74-->src\main\AndroidManifest.xml:65:13-59
75
76            <!-- The meta-data tag is required if you support API level 15 and lower -->
77            <meta-data
77-->src\main\AndroidManifest.xml:18:13-20:53
78                android:name="android.support.PARENT_ACTIVITY"
78-->src\main\AndroidManifest.xml:19:17-63
79                android:value=".TrainingActivity" />
79-->src\main\AndroidManifest.xml:20:17-50
80        </activity>
81        <activity
81-->src\main\AndroidManifest.xml:72:9-81:20
82            android:name="com.example.guiprototype.BattleActivity"
82-->src\main\AndroidManifest.xml:73:13-43
83            android:label="Battle"
83-->src\main\AndroidManifest.xml:74:13-35
84            android:parentActivityName="com.example.guiprototype.MainActivity" >
84-->src\main\AndroidManifest.xml:75:13-55
85
86            <!-- The meta-data tag is required if you support API level 15 and lower -->
87            <meta-data
87-->src\main\AndroidManifest.xml:18:13-20:53
88                android:name="android.support.PARENT_ACTIVITY"
88-->src\main\AndroidManifest.xml:19:17-63
89                android:value=".MainActivity" />
89-->src\main\AndroidManifest.xml:20:17-50
90        </activity>
91        <activity
91-->src\main\AndroidManifest.xml:82:9-91:20
92            android:name="com.example.guiprototype.TrainingActivity"
92-->src\main\AndroidManifest.xml:83:13-45
93            android:label="Training"
93-->src\main\AndroidManifest.xml:84:13-37
94            android:parentActivityName="com.example.guiprototype.MainActivity" >
94-->src\main\AndroidManifest.xml:85:13-55
95
96            <!-- The meta-data tag is required if you support API level 15 and lower -->
97            <meta-data
97-->src\main\AndroidManifest.xml:18:13-20:53
98                android:name="android.support.PARENT_ACTIVITY"
98-->src\main\AndroidManifest.xml:19:17-63
99                android:value=".MainActivity" />
99-->src\main\AndroidManifest.xml:20:17-50
100        </activity>
101        <activity
101-->src\main\AndroidManifest.xml:92:9-101:20
102            android:name="com.example.guiprototype.StatsActivity"
102-->src\main\AndroidManifest.xml:93:13-42
103            android:label="User Stats"
103-->src\main\AndroidManifest.xml:94:13-39
104            android:parentActivityName="com.example.guiprototype.MainActivity" >
104-->src\main\AndroidManifest.xml:95:13-55
105
106            <!-- The meta-data tag is required if you support API level 15 and lower -->
107            <meta-data
107-->src\main\AndroidManifest.xml:18:13-20:53
108                android:name="android.support.PARENT_ACTIVITY"
108-->src\main\AndroidManifest.xml:19:17-63
109                android:value=".MainActivity" />
109-->src\main\AndroidManifest.xml:20:17-50
110        </activity>
111        <activity
111-->src\main\AndroidManifest.xml:102:9-104:41
112            android:name="com.example.guiprototype.MainActivity"
112-->src\main\AndroidManifest.xml:103:13-41
113            android:label="Main Page" />
113-->src\main\AndroidManifest.xml:104:13-38
114        <activity
114-->src\main\AndroidManifest.xml:105:9-113:20
115            android:name="com.example.guiprototype.LoginActivity"
115-->src\main\AndroidManifest.xml:106:13-42
116            android:label="Login" >
116-->src\main\AndroidManifest.xml:107:13-34
117            <intent-filter>
117-->src\main\AndroidManifest.xml:108:13-112:29
118                <action android:name="android.intent.action.MAIN" />
118-->src\main\AndroidManifest.xml:109:17-69
118-->src\main\AndroidManifest.xml:109:25-66
119
120                <category android:name="android.intent.category.LAUNCHER" />
120-->src\main\AndroidManifest.xml:111:17-77
120-->src\main\AndroidManifest.xml:111:27-74
121            </intent-filter>
122        </activity>
123        <activity
123-->src\main\AndroidManifest.xml:114:9-116:42
124            android:name="com.example.guiprototype.StartActivity"
124-->src\main\AndroidManifest.xml:115:13-42
125            android:label="Start Page" />
125-->src\main\AndroidManifest.xml:116:13-39
126    </application>
127
128</manifest>